app/build/intermediates/manifest_merge_blame_file/debug/manifest-merger-blame-debug-report.txt
1<?xml version="1.0" encoding="utf-8"?>
2<manifest xmlns:android="http://schemas.android.com/apk/res/android"
3    package="com.mobiquity.mobiquityproducts.debug"
4    android:versionCode="1"
5    android:versionName="1.0" >
6
7    <uses-sdk
8        android:minSdkVersion="18"
8-->src\main\AndroidManifest.xml
9        android:targetSdkVersion="29" />
9-->src\main\AndroidManifest.xml
10
11    <uses-permission android:name="android.permission.INTERNET" />
11-->src\main\AndroidManifest.xml:4:5-67
11-->src\main\AndroidManifest.xml:4:22-64
12    <uses-permission android:name="android.permission.ACCESS_NETWORK_STATE" />
12-->src\main\AndroidManifest.xml:5:5-79
12-->src\main\AndroidManifest.xml:5:22-76
13    <uses-permission android:name="android.permission.WRITE_EXTERNAL_STORAGE" />
13-->src\main\AndroidManifest.xml:6:5-81
13-->src\main\AndroidManifest.xml:6:22-78
14
15    <application
15-->src\main\AndroidManifest.xml:9:5-36:19
16        android:allowBackup="true"
16-->src\main\AndroidManifest.xml:10:9-35
17        android:appComponentFactory="androidx.core.app.CoreComponentFactory"
17-->[androidx.core:core:1.1.0] AndroidManifest.xml:24:18-86
18        android:debuggable="true"
19        android:icon="@mipmap/ic_launcher"
19-->src\main\AndroidManifest.xml:11:9-43
20        android:label="@string/app_name"
20-->src\main\AndroidManifest.xml:12:9-41
21        android:roundIcon="@mipmap/ic_launcher_round"
21-->src\main\AndroidManifest.xml:13:9-54
22        android:supportsRtl="true"
22-->src\main\AndroidManifest.xml:14:9-35
23        android:testOnly="true"
24        android:theme="@style/AppTheme" >
24-->src\main\AndroidManifest.xml:15:9-40
25        <activity
25-->src\main\AndroidManifest.xml:17:9-26:20
26            android:name="com.mobiquity.mobiquityproducts.ItemListActivity"
26-->src\main\AndroidManifest.xml:18:13-45
27            android:label="@string/app_name"
27-->src\main\AndroidManifest.xml:19:13-45
28            android:theme="@style/AppTheme.NoActionBar" >
28-->src\main\AndroidManifest.xml:20:13-56
29            <intent-filter>
29-->src\main\AndroidManifest.xml:21:13-25:29
30                <action android:name="android.intent.action.MAIN" />
30-->src\main\AndroidManifest.xml:22:17-69
30-->src\main\AndroidManifest.xml:22:25-66
31
32                <category android:name="android.intent.category.LAUNCHER" />
32-->src\main\AndroidManifest.xml:24:17-77
32-->src\main\AndroidManifest.xml:24:27-74
33            </intent-filter>
34        </activity>
35        <activity
35-->src\main\AndroidManifest.xml:27:9-35:20
36            android:name="com.mobiquity.mobiquityproducts.ItemDetailActivity"
36-->src\main\AndroidManifest.xml:28:13-47
37            android:label="@string/title_item_detail"
37-->src\main\AndroidManifest.xml:29:13-54
38            android:parentActivityName="com.mobiquity.mobiquityproducts.ItemListActivity"
38-->src\main\AndroidManifest.xml:30:13-59
39            android:theme="@style/AppTheme.NoActionBar" >
39-->src\main\AndroidManifest.xml:31:13-56
40            <meta-data
40-->src\main\AndroidManifest.xml:32:13-34:84
41                android:name="android.support.PARENT_ACTIVITY"
41-->src\main\AndroidManifest.xml:33:17-63
42                android:value="com.mobiquity.mobiquityproducts.ItemListActivity" />
42-->src\main\AndroidManifest.xml:34:17-81
43        </activity>
44
45        <provider
45-->[com.squareup.picasso:picasso:2.71828] AndroidManifest.xml:8:9-11:40
46            android:name="com.squareup.picasso.PicassoProvider"
46-->[com.squareup.picasso:picasso:2.71828] AndroidManifest.xml:9:13-64
47            android:authorities="com.mobiquity.mobiquityproducts.debug.com.squareup.picasso"
47-->[com.squareup.picasso:picasso:2.71828] AndroidManifest.xml:10:13-72
48            android:exported="false" />
48-->[com.squareup.picasso:picasso:2.71828] AndroidManifest.xml:11:13-37
49    </application>
50
51</manifest>